<?xml version="1.0" encoding="UTF-8"?>
<testng-results ignored="0" total="1" passed="1" failed="0" skipped="0">
  <reporter-output>
  </reporter-output>
  <suite started-at="2023-11-30T12:51:02 IST" name="Default suite" finished-at="2023-11-30T12:51:23 IST" duration-ms="20837">
    <groups>
    </groups>
    <test started-at="2023-11-30T12:51:02 IST" name="Default test" finished-at="2023-11-30T12:51:23 IST" duration-ms="20837">
      <class name="com.poo123.Launbrowser">
        <test-method signature="chrometest()[pri:0, instance:com.poo123.Launbrowser@537f60bf]" started-at="2023-11-30T12:51:02 IST" name="chrometest" finished-at="2023-11-30T12:51:23 IST" duration-ms="20725" status="PASS">
          <reporter-output>
          </reporter-output>
        </test-method> <!-- chrometest -->
      </class> <!-- com.poo123.Launbrowser -->
    </test> <!-- Default test -->
  </suite> <!-- Default suite -->
</testng-results>
